0 info it worked if it ends with ok
1 verbose cli [ 'D:\\Program Files\\nodejs\\node.exe',
1 verbose cli   'D:\\Program Files\\nodejs\\node_modules\\npm\\bin\\npm-cli.js',
1 verbose cli   'run',
1 verbose cli   'cover' ]
2 info using npm@3.10.10
3 info using node@v6.9.5
4 verbose run-script [ 'precover', 'cover', 'postcover' ]
5 info lifecycle px2rem@0.5.0~precover: px2rem@0.5.0
6 silly lifecycle px2rem@0.5.0~precover: no script for precover, continuing
7 info lifecycle px2rem@0.5.0~cover: px2rem@0.5.0
8 verbose lifecycle px2rem@0.5.0~cover: unsafe-perm in lifecycle true
9 verbose lifecycle px2rem@0.5.0~cover: PATH: D:\Program Files\nodejs\node_modules\npm\bin\node-gyp-bin;E:\wamp\www\hunbohui\hangzhou\static\product\mobile-home-bazaar\node_modules\pxtorem\node_modules\.bin;E:\wamp\www\hunbohui\hangzhou\static\product\mobile-home-bazaar\node_modules\.bin;C:\Users\Administrator\bin;C:\Program Files\Git\mingw64\bin;C:\Program Files\Git\usr\local\bin;C:\Program Files\Git\usr\bin;C:\Program Files\Git\usr\bin;C:\Program Files\Git\mingw64\bin;C:\Program Files\Git\usr\bin;C:\Users\Administrator\bin;C:\Windows\system32;C:\Windows;C:\Windows\System32\Wbem;C:\Windows\System32\WindowsPowerShell\v1.0;D:\Program Files\nodejs;C:\Users\Administrator\AppData\Roaming\npm;C:\Program Files\Git\usr\bin\vendor_perl;C:\Program Files\Git\usr\bin\core_perl
10 verbose lifecycle px2rem@0.5.0~cover: CWD: E:\wamp\www\hunbohui\hangzhou\static\product\mobile-home-bazaar\node_modules\pxtorem
11 silly lifecycle px2rem@0.5.0~cover: Args: [ '/d /s /c',
11 silly lifecycle   'node node_modules/.bin/istanbul cover ./node_modules/.bin/_mocha -- --reporter dot' ]
12 silly lifecycle px2rem@0.5.0~cover: Returned: code: 1  signal: null
13 info lifecycle px2rem@0.5.0~cover: Failed to exec cover script
14 verbose stack Error: px2rem@0.5.0 cover: `node node_modules/.bin/istanbul cover ./node_modules/.bin/_mocha -- --reporter dot`
14 verbose stack Exit status 1
14 verbose stack     at EventEmitter.<anonymous> (D:\Program Files\nodejs\node_modules\npm\lib\utils\lifecycle.js:255:16)
14 verbose stack     at emitTwo (events.js:106:13)
14 verbose stack     at EventEmitter.emit (events.js:191:7)
14 verbose stack     at ChildProcess.<anonymous> (D:\Program Files\nodejs\node_modules\npm\lib\utils\spawn.js:40:14)
14 verbose stack     at emitTwo (events.js:106:13)
14 verbose stack     at ChildProcess.emit (events.js:191:7)
14 verbose stack     at maybeClose (internal/child_process.js:877:16)
14 verbose stack     at Process.ChildProcess._handle.onexit (internal/child_process.js:226:5)
15 verbose pkgid px2rem@0.5.0
16 verbose cwd E:\wamp\www\hunbohui\hangzhou\static\product\mobile-home-bazaar\node_modules\pxtorem
17 error Windows_NT 6.1.7601
18 error argv "D:\\Program Files\\nodejs\\node.exe" "D:\\Program Files\\nodejs\\node_modules\\npm\\bin\\npm-cli.js" "run" "cover"
19 error node v6.9.5
20 error npm  v3.10.10
21 error code ELIFECYCLE
22 error px2rem@0.5.0 cover: `node node_modules/.bin/istanbul cover ./node_modules/.bin/_mocha -- --reporter dot`
22 error Exit status 1
23 error Failed at the px2rem@0.5.0 cover script 'node node_modules/.bin/istanbul cover ./node_modules/.bin/_mocha -- --reporter dot'.
23 error Make sure you have the latest version of node.js and npm installed.
23 error If you do, this is most likely a problem with the px2rem package,
23 error not with npm itself.
23 error Tell the author that this fails on your system:
23 error     node node_modules/.bin/istanbul cover ./node_modules/.bin/_mocha -- --reporter dot
23 error You can get information on how to open an issue for this project with:
23 error     npm bugs px2rem
23 error Or if that isn't available, you can get their info via:
23 error     npm owner ls px2rem
23 error There is likely additional logging output above.
24 verbose exit [ 1, true ]
